2024-02-26 22:59:56,791 - WARNING - Downgrading core protocol version from 66 to 65 for 258e959f-6749-4e71-bb0e-dbb26b092b0f-us-east1.db.astra.datastax.com:29042:c39a5bc8-1a0c-4e01-ab3a-883b2afa0063. To avoid this, it is best practice to explicitly set Cluster(protocol_version) to the version supported by your cluster. http://datastax.github.io/python-driver/api/cassandra/cluster.html#cassandra.cluster.Cluster.protocol_version
2024-02-26 22:59:57,838 - WARNING - Downgrading core protocol version from 65 to 5 for 258e959f-6749-4e71-bb0e-dbb26b092b0f-us-east1.db.astra.datastax.com:29042:c39a5bc8-1a0c-4e01-ab3a-883b2afa0063. To avoid this, it is best practice to explicitly set Cluster(protocol_version) to the version supported by your cluster. http://datastax.github.io/python-driver/api/cassandra/cluster.html#cassandra.cluster.Cluster.protocol_version
2024-02-26 22:59:58,858 - ERROR - Closing connection <AsyncoreConnection(2717021124304) 258e959f-6749-4e71-bb0e-dbb26b092b0f-us-east1.db.astra.datastax.com:29042:c39a5bc8-1a0c-4e01-ab3a-883b2afa0063> due to protocol error: Error from server: code=000a [Protocol error] message="Beta version of the protocol used (5/v5-beta), but USE_BETA flag is unset"
2024-02-26 22:59:58,859 - WARNING - Downgrading core protocol version from 5 to 4 for 258e959f-6749-4e71-bb0e-dbb26b092b0f-us-east1.db.astra.datastax.com:29042:c39a5bc8-1a0c-4e01-ab3a-883b2afa0063. To avoid this, it is best practice to explicitly set Cluster(protocol_version) to the version supported by your cluster. http://datastax.github.io/python-driver/api/cassandra/cluster.html#cassandra.cluster.Cluster.protocol_version
2024-02-26 23:00:01,423 - INFO - Using datacenter 'us-east1' for DCAwareRoundRobinPolicy (via host '258e959f-6749-4e71-bb0e-dbb26b092b0f-us-east1.db.astra.datastax.com:29042:c39a5bc8-1a0c-4e01-ab3a-883b2afa0063'); if incorrect, please specify a local_dc to the constructor, or limit contact points to local cluster nodes
2024-02-26 23:00:04,519 - INFO - Connected to Cassandra cluster
2024-02-26 23:00:06,826 - INFO - Retrieved data from Cassandra
2024-02-26 23:00:43,612 - WARNING - Downgrading core protocol version from 66 to 65 for 258e959f-6749-4e71-bb0e-dbb26b092b0f-us-east1.db.astra.datastax.com:29042:250638d4-8177-4f89-ba21-0a37ba2d1126. To avoid this, it is best practice to explicitly set Cluster(protocol_version) to the version supported by your cluster. http://datastax.github.io/python-driver/api/cassandra/cluster.html#cassandra.cluster.Cluster.protocol_version
2024-02-26 23:00:44,604 - WARNING - Downgrading core protocol version from 65 to 5 for 258e959f-6749-4e71-bb0e-dbb26b092b0f-us-east1.db.astra.datastax.com:29042:250638d4-8177-4f89-ba21-0a37ba2d1126. To avoid this, it is best practice to explicitly set Cluster(protocol_version) to the version supported by your cluster. http://datastax.github.io/python-driver/api/cassandra/cluster.html#cassandra.cluster.Cluster.protocol_version
2024-02-26 23:00:45,593 - ERROR - Closing connection <AsyncoreConnection(1986837034704) 258e959f-6749-4e71-bb0e-dbb26b092b0f-us-east1.db.astra.datastax.com:29042:250638d4-8177-4f89-ba21-0a37ba2d1126> due to protocol error: Error from server: code=000a [Protocol error] message="Beta version of the protocol used (5/v5-beta), but USE_BETA flag is unset"
2024-02-26 23:00:45,594 - WARNING - Downgrading core protocol version from 5 to 4 for 258e959f-6749-4e71-bb0e-dbb26b092b0f-us-east1.db.astra.datastax.com:29042:250638d4-8177-4f89-ba21-0a37ba2d1126. To avoid this, it is best practice to explicitly set Cluster(protocol_version) to the version supported by your cluster. http://datastax.github.io/python-driver/api/cassandra/cluster.html#cassandra.cluster.Cluster.protocol_version
2024-02-26 23:00:48,164 - INFO - Using datacenter 'us-east1' for DCAwareRoundRobinPolicy (via host '258e959f-6749-4e71-bb0e-dbb26b092b0f-us-east1.db.astra.datastax.com:29042:250638d4-8177-4f89-ba21-0a37ba2d1126'); if incorrect, please specify a local_dc to the constructor, or limit contact points to local cluster nodes
2024-02-26 23:00:51,425 - INFO - Connected to Cassandra cluster
2024-02-26 23:00:54,761 - INFO - Retrieved data from Cassandra
2024-02-26 23:00:54,858 - INFO - Model trained with accuracy: 0.9877961234745154
2024-02-26 23:01:56,527 - WARNING - Downgrading core protocol version from 66 to 65 for 258e959f-6749-4e71-bb0e-dbb26b092b0f-us-east1.db.astra.datastax.com:29042:c39a5bc8-1a0c-4e01-ab3a-883b2afa0063. To avoid this, it is best practice to explicitly set Cluster(protocol_version) to the version supported by your cluster. http://datastax.github.io/python-driver/api/cassandra/cluster.html#cassandra.cluster.Cluster.protocol_version
2024-02-26 23:01:57,537 - WARNING - Downgrading core protocol version from 65 to 5 for 258e959f-6749-4e71-bb0e-dbb26b092b0f-us-east1.db.astra.datastax.com:29042:c39a5bc8-1a0c-4e01-ab3a-883b2afa0063. To avoid this, it is best practice to explicitly set Cluster(protocol_version) to the version supported by your cluster. http://datastax.github.io/python-driver/api/cassandra/cluster.html#cassandra.cluster.Cluster.protocol_version
2024-02-26 23:01:58,518 - ERROR - Closing connection <AsyncoreConnection(3006436559120) 258e959f-6749-4e71-bb0e-dbb26b092b0f-us-east1.db.astra.datastax.com:29042:c39a5bc8-1a0c-4e01-ab3a-883b2afa0063> due to protocol error: Error from server: code=000a [Protocol error] message="Beta version of the protocol used (5/v5-beta), but USE_BETA flag is unset"
2024-02-26 23:01:58,519 - WARNING - Downgrading core protocol version from 5 to 4 for 258e959f-6749-4e71-bb0e-dbb26b092b0f-us-east1.db.astra.datastax.com:29042:c39a5bc8-1a0c-4e01-ab3a-883b2afa0063. To avoid this, it is best practice to explicitly set Cluster(protocol_version) to the version supported by your cluster. http://datastax.github.io/python-driver/api/cassandra/cluster.html#cassandra.cluster.Cluster.protocol_version
2024-02-26 23:02:01,062 - INFO - Using datacenter 'us-east1' for DCAwareRoundRobinPolicy (via host '258e959f-6749-4e71-bb0e-dbb26b092b0f-us-east1.db.astra.datastax.com:29042:c39a5bc8-1a0c-4e01-ab3a-883b2afa0063'); if incorrect, please specify a local_dc to the constructor, or limit contact points to local cluster nodes
2024-02-26 23:02:04,321 - INFO - Connected to Cassandra cluster
2024-02-26 23:02:06,665 - INFO - Retrieved data from Cassandra
2024-02-26 23:02:06,737 - INFO - Model trained with accuracy: 0.9856424982053122
2024-02-26 23:05:30,286 - WARNING - Downgrading core protocol version from 66 to 65 for 258e959f-6749-4e71-bb0e-dbb26b092b0f-us-east1.db.astra.datastax.com:29042:39a41b63-ff91-4d90-bb4c-172517de677e. To avoid this, it is best practice to explicitly set Cluster(protocol_version) to the version supported by your cluster. http://datastax.github.io/python-driver/api/cassandra/cluster.html#cassandra.cluster.Cluster.protocol_version
2024-02-26 23:05:31,303 - WARNING - Downgrading core protocol version from 65 to 5 for 258e959f-6749-4e71-bb0e-dbb26b092b0f-us-east1.db.astra.datastax.com:29042:39a41b63-ff91-4d90-bb4c-172517de677e. To avoid this, it is best practice to explicitly set Cluster(protocol_version) to the version supported by your cluster. http://datastax.github.io/python-driver/api/cassandra/cluster.html#cassandra.cluster.Cluster.protocol_version
2024-02-26 23:05:32,303 - ERROR - Closing connection <AsyncoreConnection(1846927275728) 258e959f-6749-4e71-bb0e-dbb26b092b0f-us-east1.db.astra.datastax.com:29042:39a41b63-ff91-4d90-bb4c-172517de677e> due to protocol error: Error from server: code=000a [Protocol error] message="Beta version of the protocol used (5/v5-beta), but USE_BETA flag is unset"
2024-02-26 23:05:32,310 - WARNING - Downgrading core protocol version from 5 to 4 for 258e959f-6749-4e71-bb0e-dbb26b092b0f-us-east1.db.astra.datastax.com:29042:39a41b63-ff91-4d90-bb4c-172517de677e. To avoid this, it is best practice to explicitly set Cluster(protocol_version) to the version supported by your cluster. http://datastax.github.io/python-driver/api/cassandra/cluster.html#cassandra.cluster.Cluster.protocol_version
2024-02-26 23:05:34,777 - INFO - Using datacenter 'us-east1' for DCAwareRoundRobinPolicy (via host '258e959f-6749-4e71-bb0e-dbb26b092b0f-us-east1.db.astra.datastax.com:29042:39a41b63-ff91-4d90-bb4c-172517de677e'); if incorrect, please specify a local_dc to the constructor, or limit contact points to local cluster nodes
2024-02-26 23:05:40,229 - INFO - Connected to Cassandra cluster
2024-02-26 23:05:42,595 - INFO - Retrieved data from Cassandra
2024-02-26 23:05:42,722 - INFO - Model trained with accuracy: 0.9827709978463748
2024-02-26 23:06:41,222 - WARNING - Downgrading core protocol version from 66 to 65 for 258e959f-6749-4e71-bb0e-dbb26b092b0f-us-east1.db.astra.datastax.com:29042:c39a5bc8-1a0c-4e01-ab3a-883b2afa0063. To avoid this, it is best practice to explicitly set Cluster(protocol_version) to the version supported by your cluster. http://datastax.github.io/python-driver/api/cassandra/cluster.html#cassandra.cluster.Cluster.protocol_version
2024-02-26 23:06:42,201 - WARNING - Downgrading core protocol version from 65 to 5 for 258e959f-6749-4e71-bb0e-dbb26b092b0f-us-east1.db.astra.datastax.com:29042:c39a5bc8-1a0c-4e01-ab3a-883b2afa0063. To avoid this, it is best practice to explicitly set Cluster(protocol_version) to the version supported by your cluster. http://datastax.github.io/python-driver/api/cassandra/cluster.html#cassandra.cluster.Cluster.protocol_version
2024-02-26 23:06:43,169 - ERROR - Closing connection <AsyncoreConnection(1661801236048) 258e959f-6749-4e71-bb0e-dbb26b092b0f-us-east1.db.astra.datastax.com:29042:c39a5bc8-1a0c-4e01-ab3a-883b2afa0063> due to protocol error: Error from server: code=000a [Protocol error] message="Beta version of the protocol used (5/v5-beta), but USE_BETA flag is unset"
2024-02-26 23:06:43,178 - WARNING - Downgrading core protocol version from 5 to 4 for 258e959f-6749-4e71-bb0e-dbb26b092b0f-us-east1.db.astra.datastax.com:29042:c39a5bc8-1a0c-4e01-ab3a-883b2afa0063. To avoid this, it is best practice to explicitly set Cluster(protocol_version) to the version supported by your cluster. http://datastax.github.io/python-driver/api/cassandra/cluster.html#cassandra.cluster.Cluster.protocol_version
2024-02-26 23:06:45,721 - INFO - Using datacenter 'us-east1' for DCAwareRoundRobinPolicy (via host '258e959f-6749-4e71-bb0e-dbb26b092b0f-us-east1.db.astra.datastax.com:29042:c39a5bc8-1a0c-4e01-ab3a-883b2afa0063'); if incorrect, please specify a local_dc to the constructor, or limit contact points to local cluster nodes
2024-02-26 23:06:49,014 - INFO - Connected to Cassandra cluster
2024-02-26 23:06:51,340 - INFO - Retrieved data from Cassandra
2024-02-26 23:08:34,213 - WARNING - Downgrading core protocol version from 66 to 65 for 258e959f-6749-4e71-bb0e-dbb26b092b0f-us-east1.db.astra.datastax.com:29042:250638d4-8177-4f89-ba21-0a37ba2d1126. To avoid this, it is best practice to explicitly set Cluster(protocol_version) to the version supported by your cluster. http://datastax.github.io/python-driver/api/cassandra/cluster.html#cassandra.cluster.Cluster.protocol_version
2024-02-26 23:08:35,210 - WARNING - Downgrading core protocol version from 65 to 5 for 258e959f-6749-4e71-bb0e-dbb26b092b0f-us-east1.db.astra.datastax.com:29042:250638d4-8177-4f89-ba21-0a37ba2d1126. To avoid this, it is best practice to explicitly set Cluster(protocol_version) to the version supported by your cluster. http://datastax.github.io/python-driver/api/cassandra/cluster.html#cassandra.cluster.Cluster.protocol_version
2024-02-26 23:08:36,188 - ERROR - Closing connection <AsyncoreConnection(2883143674448) 258e959f-6749-4e71-bb0e-dbb26b092b0f-us-east1.db.astra.datastax.com:29042:250638d4-8177-4f89-ba21-0a37ba2d1126> due to protocol error: Error from server: code=000a [Protocol error] message="Beta version of the protocol used (5/v5-beta), but USE_BETA flag is unset"
2024-02-26 23:08:36,189 - WARNING - Downgrading core protocol version from 5 to 4 for 258e959f-6749-4e71-bb0e-dbb26b092b0f-us-east1.db.astra.datastax.com:29042:250638d4-8177-4f89-ba21-0a37ba2d1126. To avoid this, it is best practice to explicitly set Cluster(protocol_version) to the version supported by your cluster. http://datastax.github.io/python-driver/api/cassandra/cluster.html#cassandra.cluster.Cluster.protocol_version
2024-02-26 23:08:38,697 - INFO - Using datacenter 'us-east1' for DCAwareRoundRobinPolicy (via host '258e959f-6749-4e71-bb0e-dbb26b092b0f-us-east1.db.astra.datastax.com:29042:250638d4-8177-4f89-ba21-0a37ba2d1126'); if incorrect, please specify a local_dc to the constructor, or limit contact points to local cluster nodes
2024-02-26 23:08:41,996 - INFO - Connected to Cassandra cluster
2024-02-26 23:08:44,407 - INFO - Retrieved data from Cassandra
2024-02-26 23:08:44,538 - INFO - Model trained with accuracy: 0.9863603732950467
2024-02-26 23:09:42,057 - WARNING - Downgrading core protocol version from 66 to 65 for 258e959f-6749-4e71-bb0e-dbb26b092b0f-us-east1.db.astra.datastax.com:29042:c39a5bc8-1a0c-4e01-ab3a-883b2afa0063. To avoid this, it is best practice to explicitly set Cluster(protocol_version) to the version supported by your cluster. http://datastax.github.io/python-driver/api/cassandra/cluster.html#cassandra.cluster.Cluster.protocol_version
2024-02-26 23:09:43,019 - WARNING - Downgrading core protocol version from 65 to 5 for 258e959f-6749-4e71-bb0e-dbb26b092b0f-us-east1.db.astra.datastax.com:29042:c39a5bc8-1a0c-4e01-ab3a-883b2afa0063. To avoid this, it is best practice to explicitly set Cluster(protocol_version) to the version supported by your cluster. http://datastax.github.io/python-driver/api/cassandra/cluster.html#cassandra.cluster.Cluster.protocol_version
2024-02-26 23:09:44,026 - ERROR - Closing connection <AsyncoreConnection(1937301371216) 258e959f-6749-4e71-bb0e-dbb26b092b0f-us-east1.db.astra.datastax.com:29042:c39a5bc8-1a0c-4e01-ab3a-883b2afa0063> due to protocol error: Error from server: code=000a [Protocol error] message="Beta version of the protocol used (5/v5-beta), but USE_BETA flag is unset"
2024-02-26 23:09:44,027 - WARNING - Downgrading core protocol version from 5 to 4 for 258e959f-6749-4e71-bb0e-dbb26b092b0f-us-east1.db.astra.datastax.com:29042:c39a5bc8-1a0c-4e01-ab3a-883b2afa0063. To avoid this, it is best practice to explicitly set Cluster(protocol_version) to the version supported by your cluster. http://datastax.github.io/python-driver/api/cassandra/cluster.html#cassandra.cluster.Cluster.protocol_version
2024-02-26 23:09:46,612 - INFO - Using datacenter 'us-east1' for DCAwareRoundRobinPolicy (via host '258e959f-6749-4e71-bb0e-dbb26b092b0f-us-east1.db.astra.datastax.com:29042:c39a5bc8-1a0c-4e01-ab3a-883b2afa0063'); if incorrect, please specify a local_dc to the constructor, or limit contact points to local cluster nodes
2024-02-26 23:09:51,860 - INFO - Connected to Cassandra cluster
2024-02-26 23:09:54,182 - INFO - Retrieved data from Cassandra
2024-02-26 23:10:13,033 - WARNING - Downgrading core protocol version from 66 to 65 for 258e959f-6749-4e71-bb0e-dbb26b092b0f-us-east1.db.astra.datastax.com:29042:250638d4-8177-4f89-ba21-0a37ba2d1126. To avoid this, it is best practice to explicitly set Cluster(protocol_version) to the version supported by your cluster. http://datastax.github.io/python-driver/api/cassandra/cluster.html#cassandra.cluster.Cluster.protocol_version
2024-02-26 23:10:14,026 - WARNING - Downgrading core protocol version from 65 to 5 for 258e959f-6749-4e71-bb0e-dbb26b092b0f-us-east1.db.astra.datastax.com:29042:250638d4-8177-4f89-ba21-0a37ba2d1126. To avoid this, it is best practice to explicitly set Cluster(protocol_version) to the version supported by your cluster. http://datastax.github.io/python-driver/api/cassandra/cluster.html#cassandra.cluster.Cluster.protocol_version
2024-02-26 23:10:15,007 - ERROR - Closing connection <AsyncoreConnection(2243790900432) 258e959f-6749-4e71-bb0e-dbb26b092b0f-us-east1.db.astra.datastax.com:29042:250638d4-8177-4f89-ba21-0a37ba2d1126> due to protocol error: Error from server: code=000a [Protocol error] message="Beta version of the protocol used (5/v5-beta), but USE_BETA flag is unset"
2024-02-26 23:10:15,016 - WARNING - Downgrading core protocol version from 5 to 4 for 258e959f-6749-4e71-bb0e-dbb26b092b0f-us-east1.db.astra.datastax.com:29042:250638d4-8177-4f89-ba21-0a37ba2d1126. To avoid this, it is best practice to explicitly set Cluster(protocol_version) to the version supported by your cluster. http://datastax.github.io/python-driver/api/cassandra/cluster.html#cassandra.cluster.Cluster.protocol_version
2024-02-26 23:10:17,443 - INFO - Using datacenter 'us-east1' for DCAwareRoundRobinPolicy (via host '258e959f-6749-4e71-bb0e-dbb26b092b0f-us-east1.db.astra.datastax.com:29042:250638d4-8177-4f89-ba21-0a37ba2d1126'); if incorrect, please specify a local_dc to the constructor, or limit contact points to local cluster nodes
2024-02-26 23:10:20,603 - INFO - Connected to Cassandra cluster
2024-02-26 23:10:22,924 - INFO - Retrieved data from Cassandra
2024-02-26 23:10:59,431 - WARNING - Downgrading core protocol version from 66 to 65 for 258e959f-6749-4e71-bb0e-dbb26b092b0f-us-east1.db.astra.datastax.com:29042:250638d4-8177-4f89-ba21-0a37ba2d1126. To avoid this, it is best practice to explicitly set Cluster(protocol_version) to the version supported by your cluster. http://datastax.github.io/python-driver/api/cassandra/cluster.html#cassandra.cluster.Cluster.protocol_version
2024-02-26 23:11:00,406 - WARNING - Downgrading core protocol version from 65 to 5 for 258e959f-6749-4e71-bb0e-dbb26b092b0f-us-east1.db.astra.datastax.com:29042:250638d4-8177-4f89-ba21-0a37ba2d1126. To avoid this, it is best practice to explicitly set Cluster(protocol_version) to the version supported by your cluster. http://datastax.github.io/python-driver/api/cassandra/cluster.html#cassandra.cluster.Cluster.protocol_version
2024-02-26 23:11:01,404 - ERROR - Closing connection <AsyncoreConnection(2021512627984) 258e959f-6749-4e71-bb0e-dbb26b092b0f-us-east1.db.astra.datastax.com:29042:250638d4-8177-4f89-ba21-0a37ba2d1126> due to protocol error: Error from server: code=000a [Protocol error] message="Beta version of the protocol used (5/v5-beta), but USE_BETA flag is unset"
2024-02-26 23:11:01,404 - WARNING - Downgrading core protocol version from 5 to 4 for 258e959f-6749-4e71-bb0e-dbb26b092b0f-us-east1.db.astra.datastax.com:29042:250638d4-8177-4f89-ba21-0a37ba2d1126. To avoid this, it is best practice to explicitly set Cluster(protocol_version) to the version supported by your cluster. http://datastax.github.io/python-driver/api/cassandra/cluster.html#cassandra.cluster.Cluster.protocol_version
2024-02-26 23:11:03,911 - INFO - Using datacenter 'us-east1' for DCAwareRoundRobinPolicy (via host '258e959f-6749-4e71-bb0e-dbb26b092b0f-us-east1.db.astra.datastax.com:29042:250638d4-8177-4f89-ba21-0a37ba2d1126'); if incorrect, please specify a local_dc to the constructor, or limit contact points to local cluster nodes
2024-02-26 23:11:07,620 - INFO - Connected to Cassandra cluster
2024-02-26 23:11:10,012 - INFO - Retrieved data from Cassandra
2024-02-26 23:11:38,628 - WARNING - Downgrading core protocol version from 66 to 65 for 258e959f-6749-4e71-bb0e-dbb26b092b0f-us-east1.db.astra.datastax.com:29042:250638d4-8177-4f89-ba21-0a37ba2d1126. To avoid this, it is best practice to explicitly set Cluster(protocol_version) to the version supported by your cluster. http://datastax.github.io/python-driver/api/cassandra/cluster.html#cassandra.cluster.Cluster.protocol_version
2024-02-26 23:11:39,636 - WARNING - Downgrading core protocol version from 65 to 5 for 258e959f-6749-4e71-bb0e-dbb26b092b0f-us-east1.db.astra.datastax.com:29042:250638d4-8177-4f89-ba21-0a37ba2d1126. To avoid this, it is best practice to explicitly set Cluster(protocol_version) to the version supported by your cluster. http://datastax.github.io/python-driver/api/cassandra/cluster.html#cassandra.cluster.Cluster.protocol_version
2024-02-26 23:11:40,618 - ERROR - Closing connection <AsyncoreConnection(1585377641808) 258e959f-6749-4e71-bb0e-dbb26b092b0f-us-east1.db.astra.datastax.com:29042:250638d4-8177-4f89-ba21-0a37ba2d1126> due to protocol error: Error from server: code=000a [Protocol error] message="Beta version of the protocol used (5/v5-beta), but USE_BETA flag is unset"
2024-02-26 23:11:40,621 - WARNING - Downgrading core protocol version from 5 to 4 for 258e959f-6749-4e71-bb0e-dbb26b092b0f-us-east1.db.astra.datastax.com:29042:250638d4-8177-4f89-ba21-0a37ba2d1126. To avoid this, it is best practice to explicitly set Cluster(protocol_version) to the version supported by your cluster. http://datastax.github.io/python-driver/api/cassandra/cluster.html#cassandra.cluster.Cluster.protocol_version
2024-02-26 23:11:43,080 - INFO - Using datacenter 'us-east1' for DCAwareRoundRobinPolicy (via host '258e959f-6749-4e71-bb0e-dbb26b092b0f-us-east1.db.astra.datastax.com:29042:250638d4-8177-4f89-ba21-0a37ba2d1126'); if incorrect, please specify a local_dc to the constructor, or limit contact points to local cluster nodes
2024-02-26 23:11:46,413 - INFO - Connected to Cassandra cluster
2024-02-26 23:11:48,768 - INFO - Retrieved data from Cassandra
2024-02-26 23:13:11,144 - WARNING - Downgrading core protocol version from 66 to 65 for 258e959f-6749-4e71-bb0e-dbb26b092b0f-us-east1.db.astra.datastax.com:29042:250638d4-8177-4f89-ba21-0a37ba2d1126. To avoid this, it is best practice to explicitly set Cluster(protocol_version) to the version supported by your cluster. http://datastax.github.io/python-driver/api/cassandra/cluster.html#cassandra.cluster.Cluster.protocol_version
2024-02-26 23:13:12,174 - WARNING - Downgrading core protocol version from 65 to 5 for 258e959f-6749-4e71-bb0e-dbb26b092b0f-us-east1.db.astra.datastax.com:29042:250638d4-8177-4f89-ba21-0a37ba2d1126. To avoid this, it is best practice to explicitly set Cluster(protocol_version) to the version supported by your cluster. http://datastax.github.io/python-driver/api/cassandra/cluster.html#cassandra.cluster.Cluster.protocol_version
2024-02-26 23:13:13,152 - ERROR - Closing connection <AsyncoreConnection(2815091971920) 258e959f-6749-4e71-bb0e-dbb26b092b0f-us-east1.db.astra.datastax.com:29042:250638d4-8177-4f89-ba21-0a37ba2d1126> due to protocol error: Error from server: code=000a [Protocol error] message="Beta version of the protocol used (5/v5-beta), but USE_BETA flag is unset"
2024-02-26 23:13:13,152 - WARNING - Downgrading core protocol version from 5 to 4 for 258e959f-6749-4e71-bb0e-dbb26b092b0f-us-east1.db.astra.datastax.com:29042:250638d4-8177-4f89-ba21-0a37ba2d1126. To avoid this, it is best practice to explicitly set Cluster(protocol_version) to the version supported by your cluster. http://datastax.github.io/python-driver/api/cassandra/cluster.html#cassandra.cluster.Cluster.protocol_version
2024-02-26 23:13:15,693 - INFO - Using datacenter 'us-east1' for DCAwareRoundRobinPolicy (via host '258e959f-6749-4e71-bb0e-dbb26b092b0f-us-east1.db.astra.datastax.com:29042:250638d4-8177-4f89-ba21-0a37ba2d1126'); if incorrect, please specify a local_dc to the constructor, or limit contact points to local cluster nodes
2024-02-26 23:13:21,189 - INFO - Connected to Cassandra cluster
2024-02-26 23:13:24,519 - INFO - Retrieved data from Cassandra
2024-02-26 23:13:57,050 - WARNING - Downgrading core protocol version from 66 to 65 for 258e959f-6749-4e71-bb0e-dbb26b092b0f-us-east1.db.astra.datastax.com:29042:250638d4-8177-4f89-ba21-0a37ba2d1126. To avoid this, it is best practice to explicitly set Cluster(protocol_version) to the version supported by your cluster. http://datastax.github.io/python-driver/api/cassandra/cluster.html#cassandra.cluster.Cluster.protocol_version
2024-02-26 23:13:58,049 - WARNING - Downgrading core protocol version from 65 to 5 for 258e959f-6749-4e71-bb0e-dbb26b092b0f-us-east1.db.astra.datastax.com:29042:250638d4-8177-4f89-ba21-0a37ba2d1126. To avoid this, it is best practice to explicitly set Cluster(protocol_version) to the version supported by your cluster. http://datastax.github.io/python-driver/api/cassandra/cluster.html#cassandra.cluster.Cluster.protocol_version
2024-02-26 23:13:59,023 - ERROR - Closing connection <AsyncoreConnection(2658543579344) 258e959f-6749-4e71-bb0e-dbb26b092b0f-us-east1.db.astra.datastax.com:29042:250638d4-8177-4f89-ba21-0a37ba2d1126> due to protocol error: Error from server: code=000a [Protocol error] message="Beta version of the protocol used (5/v5-beta), but USE_BETA flag is unset"
2024-02-26 23:13:59,024 - WARNING - Downgrading core protocol version from 5 to 4 for 258e959f-6749-4e71-bb0e-dbb26b092b0f-us-east1.db.astra.datastax.com:29042:250638d4-8177-4f89-ba21-0a37ba2d1126. To avoid this, it is best practice to explicitly set Cluster(protocol_version) to the version supported by your cluster. http://datastax.github.io/python-driver/api/cassandra/cluster.html#cassandra.cluster.Cluster.protocol_version
2024-02-26 23:14:01,486 - INFO - Using datacenter 'us-east1' for DCAwareRoundRobinPolicy (via host '258e959f-6749-4e71-bb0e-dbb26b092b0f-us-east1.db.astra.datastax.com:29042:250638d4-8177-4f89-ba21-0a37ba2d1126'); if incorrect, please specify a local_dc to the constructor, or limit contact points to local cluster nodes
2024-02-26 23:14:06,952 - INFO - Connected to Cassandra cluster
2024-02-26 23:14:09,272 - INFO - Retrieved data from Cassandra
2024-02-26 23:14:09,367 - INFO - Model trained with accuracy: 0.9885139985642498
2024-02-26 23:14:35,248 - WARNING - Downgrading core protocol version from 66 to 65 for 258e959f-6749-4e71-bb0e-dbb26b092b0f-us-east1.db.astra.datastax.com:29042:250638d4-8177-4f89-ba21-0a37ba2d1126. To avoid this, it is best practice to explicitly set Cluster(protocol_version) to the version supported by your cluster. http://datastax.github.io/python-driver/api/cassandra/cluster.html#cassandra.cluster.Cluster.protocol_version
2024-02-26 23:14:38,207 - WARNING - Downgrading core protocol version from 65 to 5 for 258e959f-6749-4e71-bb0e-dbb26b092b0f-us-east1.db.astra.datastax.com:29042:250638d4-8177-4f89-ba21-0a37ba2d1126. To avoid this, it is best practice to explicitly set Cluster(protocol_version) to the version supported by your cluster. http://datastax.github.io/python-driver/api/cassandra/cluster.html#cassandra.cluster.Cluster.protocol_version
2024-02-26 23:14:39,191 - ERROR - Closing connection <AsyncoreConnection(1956006377168) 258e959f-6749-4e71-bb0e-dbb26b092b0f-us-east1.db.astra.datastax.com:29042:250638d4-8177-4f89-ba21-0a37ba2d1126> due to protocol error: Error from server: code=000a [Protocol error] message="Beta version of the protocol used (5/v5-beta), but USE_BETA flag is unset"
2024-02-26 23:14:39,192 - WARNING - Downgrading core protocol version from 5 to 4 for 258e959f-6749-4e71-bb0e-dbb26b092b0f-us-east1.db.astra.datastax.com:29042:250638d4-8177-4f89-ba21-0a37ba2d1126. To avoid this, it is best practice to explicitly set Cluster(protocol_version) to the version supported by your cluster. http://datastax.github.io/python-driver/api/cassandra/cluster.html#cassandra.cluster.Cluster.protocol_version
2024-02-26 23:14:41,663 - INFO - Using datacenter 'us-east1' for DCAwareRoundRobinPolicy (via host '258e959f-6749-4e71-bb0e-dbb26b092b0f-us-east1.db.astra.datastax.com:29042:250638d4-8177-4f89-ba21-0a37ba2d1126'); if incorrect, please specify a local_dc to the constructor, or limit contact points to local cluster nodes
2024-02-26 23:14:47,190 - INFO - Connected to Cassandra cluster
2024-02-26 23:14:50,196 - INFO - Retrieved data from Cassandra
2024-02-26 23:15:22,882 - WARNING - Downgrading core protocol version from 66 to 65 for 258e959f-6749-4e71-bb0e-dbb26b092b0f-us-east1.db.astra.datastax.com:29042:c39a5bc8-1a0c-4e01-ab3a-883b2afa0063. To avoid this, it is best practice to explicitly set Cluster(protocol_version) to the version supported by your cluster. http://datastax.github.io/python-driver/api/cassandra/cluster.html#cassandra.cluster.Cluster.protocol_version
2024-02-26 23:15:23,838 - WARNING - Downgrading core protocol version from 65 to 5 for 258e959f-6749-4e71-bb0e-dbb26b092b0f-us-east1.db.astra.datastax.com:29042:c39a5bc8-1a0c-4e01-ab3a-883b2afa0063. To avoid this, it is best practice to explicitly set Cluster(protocol_version) to the version supported by your cluster. http://datastax.github.io/python-driver/api/cassandra/cluster.html#cassandra.cluster.Cluster.protocol_version
2024-02-26 23:15:24,790 - ERROR - Closing connection <AsyncoreConnection(2742338354128) 258e959f-6749-4e71-bb0e-dbb26b092b0f-us-east1.db.astra.datastax.com:29042:c39a5bc8-1a0c-4e01-ab3a-883b2afa0063> due to protocol error: Error from server: code=000a [Protocol error] message="Beta version of the protocol used (5/v5-beta), but USE_BETA flag is unset"
2024-02-26 23:15:24,790 - WARNING - Downgrading core protocol version from 5 to 4 for 258e959f-6749-4e71-bb0e-dbb26b092b0f-us-east1.db.astra.datastax.com:29042:c39a5bc8-1a0c-4e01-ab3a-883b2afa0063. To avoid this, it is best practice to explicitly set Cluster(protocol_version) to the version supported by your cluster. http://datastax.github.io/python-driver/api/cassandra/cluster.html#cassandra.cluster.Cluster.protocol_version
2024-02-26 23:15:27,378 - INFO - Using datacenter 'us-east1' for DCAwareRoundRobinPolicy (via host '258e959f-6749-4e71-bb0e-dbb26b092b0f-us-east1.db.astra.datastax.com:29042:c39a5bc8-1a0c-4e01-ab3a-883b2afa0063'); if incorrect, please specify a local_dc to the constructor, or limit contact points to local cluster nodes
2024-02-26 23:15:32,704 - INFO - Connected to Cassandra cluster
2024-02-26 23:15:35,141 - INFO - Retrieved data from Cassandra
2024-02-26 23:15:35,226 - INFO - Model trained with accuracy: 0.9806173725771715
2024-02-26 23:34:36,089 - WARNING - Downgrading core protocol version from 66 to 65 for 258e959f-6749-4e71-bb0e-dbb26b092b0f-us-east1.db.astra.datastax.com:29042:c39a5bc8-1a0c-4e01-ab3a-883b2afa0063. To avoid this, it is best practice to explicitly set Cluster(protocol_version) to the version supported by your cluster. http://datastax.github.io/python-driver/api/cassandra/cluster.html#cassandra.cluster.Cluster.protocol_version
2024-02-26 23:34:37,092 - WARNING - Downgrading core protocol version from 65 to 5 for 258e959f-6749-4e71-bb0e-dbb26b092b0f-us-east1.db.astra.datastax.com:29042:c39a5bc8-1a0c-4e01-ab3a-883b2afa0063. To avoid this, it is best practice to explicitly set Cluster(protocol_version) to the version supported by your cluster. http://datastax.github.io/python-driver/api/cassandra/cluster.html#cassandra.cluster.Cluster.protocol_version
2024-02-26 23:34:38,139 - ERROR - Closing connection <AsyncoreConnection(1541962660752) 258e959f-6749-4e71-bb0e-dbb26b092b0f-us-east1.db.astra.datastax.com:29042:c39a5bc8-1a0c-4e01-ab3a-883b2afa0063> due to protocol error: Error from server: code=000a [Protocol error] message="Beta version of the protocol used (5/v5-beta), but USE_BETA flag is unset"
2024-02-26 23:34:38,140 - WARNING - Downgrading core protocol version from 5 to 4 for 258e959f-6749-4e71-bb0e-dbb26b092b0f-us-east1.db.astra.datastax.com:29042:c39a5bc8-1a0c-4e01-ab3a-883b2afa0063. To avoid this, it is best practice to explicitly set Cluster(protocol_version) to the version supported by your cluster. http://datastax.github.io/python-driver/api/cassandra/cluster.html#cassandra.cluster.Cluster.protocol_version
2024-02-26 23:34:40,719 - INFO - Using datacenter 'us-east1' for DCAwareRoundRobinPolicy (via host '258e959f-6749-4e71-bb0e-dbb26b092b0f-us-east1.db.astra.datastax.com:29042:c39a5bc8-1a0c-4e01-ab3a-883b2afa0063'); if incorrect, please specify a local_dc to the constructor, or limit contact points to local cluster nodes
2024-02-26 23:34:45,319 - INFO - Connected to Cassandra cluster
2024-02-26 23:34:47,680 - INFO - Retrieved data from Cassandra
2024-02-26 23:34:47,781 - INFO - Model trained with accuracy: 0.9842067480258435
2024-02-26 23:42:26,158 - WARNING - Downgrading core protocol version from 66 to 65 for 258e959f-6749-4e71-bb0e-dbb26b092b0f-us-east1.db.astra.datastax.com:29042:39a41b63-ff91-4d90-bb4c-172517de677e. To avoid this, it is best practice to explicitly set Cluster(protocol_version) to the version supported by your cluster. http://datastax.github.io/python-driver/api/cassandra/cluster.html#cassandra.cluster.Cluster.protocol_version
2024-02-26 23:42:27,178 - WARNING - Downgrading core protocol version from 65 to 5 for 258e959f-6749-4e71-bb0e-dbb26b092b0f-us-east1.db.astra.datastax.com:29042:39a41b63-ff91-4d90-bb4c-172517de677e. To avoid this, it is best practice to explicitly set Cluster(protocol_version) to the version supported by your cluster. http://datastax.github.io/python-driver/api/cassandra/cluster.html#cassandra.cluster.Cluster.protocol_version
2024-02-26 23:42:28,195 - ERROR - Closing connection <AsyncoreConnection(2329361039056) 258e959f-6749-4e71-bb0e-dbb26b092b0f-us-east1.db.astra.datastax.com:29042:39a41b63-ff91-4d90-bb4c-172517de677e> due to protocol error: Error from server: code=000a [Protocol error] message="Beta version of the protocol used (5/v5-beta), but USE_BETA flag is unset"
2024-02-26 23:42:28,196 - WARNING - Downgrading core protocol version from 5 to 4 for 258e959f-6749-4e71-bb0e-dbb26b092b0f-us-east1.db.astra.datastax.com:29042:39a41b63-ff91-4d90-bb4c-172517de677e. To avoid this, it is best practice to explicitly set Cluster(protocol_version) to the version supported by your cluster. http://datastax.github.io/python-driver/api/cassandra/cluster.html#cassandra.cluster.Cluster.protocol_version
2024-02-26 23:42:30,908 - INFO - Using datacenter 'us-east1' for DCAwareRoundRobinPolicy (via host '258e959f-6749-4e71-bb0e-dbb26b092b0f-us-east1.db.astra.datastax.com:29042:39a41b63-ff91-4d90-bb4c-172517de677e'); if incorrect, please specify a local_dc to the constructor, or limit contact points to local cluster nodes
2024-02-26 23:42:33,952 - INFO - Connected to Cassandra cluster
2024-02-26 23:42:35,804 - INFO - Retrieved data from Cassandra
2024-02-26 23:42:35,908 - INFO - Model trained with accuracy: 0.9834888729361091
2024-02-27 01:28:05,827 - WARNING - Downgrading core protocol version from 66 to 65 for 258e959f-6749-4e71-bb0e-dbb26b092b0f-us-east1.db.astra.datastax.com:29042:250638d4-8177-4f89-ba21-0a37ba2d1126. To avoid this, it is best practice to explicitly set Cluster(protocol_version) to the version supported by your cluster. http://datastax.github.io/python-driver/api/cassandra/cluster.html#cassandra.cluster.Cluster.protocol_version
2024-02-27 01:28:06,874 - WARNING - Downgrading core protocol version from 65 to 5 for 258e959f-6749-4e71-bb0e-dbb26b092b0f-us-east1.db.astra.datastax.com:29042:250638d4-8177-4f89-ba21-0a37ba2d1126. To avoid this, it is best practice to explicitly set Cluster(protocol_version) to the version supported by your cluster. http://datastax.github.io/python-driver/api/cassandra/cluster.html#cassandra.cluster.Cluster.protocol_version
2024-02-27 01:28:07,869 - ERROR - Closing connection <AsyncoreConnection(2054314240144) 258e959f-6749-4e71-bb0e-dbb26b092b0f-us-east1.db.astra.datastax.com:29042:250638d4-8177-4f89-ba21-0a37ba2d1126> due to protocol error: Error from server: code=000a [Protocol error] message="Beta version of the protocol used (5/v5-beta), but USE_BETA flag is unset"
2024-02-27 01:28:07,875 - WARNING - Downgrading core protocol version from 5 to 4 for 258e959f-6749-4e71-bb0e-dbb26b092b0f-us-east1.db.astra.datastax.com:29042:250638d4-8177-4f89-ba21-0a37ba2d1126. To avoid this, it is best practice to explicitly set Cluster(protocol_version) to the version supported by your cluster. http://datastax.github.io/python-driver/api/cassandra/cluster.html#cassandra.cluster.Cluster.protocol_version
2024-02-27 01:28:10,364 - INFO - Using datacenter 'us-east1' for DCAwareRoundRobinPolicy (via host '258e959f-6749-4e71-bb0e-dbb26b092b0f-us-east1.db.astra.datastax.com:29042:250638d4-8177-4f89-ba21-0a37ba2d1126'); if incorrect, please specify a local_dc to the constructor, or limit contact points to local cluster nodes
2024-02-27 01:28:13,614 - INFO - Connected to Cassandra cluster
2024-02-27 01:28:15,980 - INFO - Retrieved data from Cassandra
2024-02-27 01:28:16,073 - INFO - Model trained with accuracy: 0.9842067480258435
